[0.000][INFO]:      ChromeDriver 21.0.1180.4 /usr/local/bin/chromedriver
[0.210][FINE]:      Initializing session with capabilities {
   "browserName": "chrome",
   "chrome.detach": true,
   "chrome.nativeEvents": true,
   "chromeOptions": {
      "detach": true,
      "nativeEvents": true
   },
   "cssSelectorsEnabled": true,
   "javascriptEnabled": true,
   "nativeEvents": false,
   "platform": "ANY",
   "rotatable": false,
   "takesScreenshot": false,
   "version": ""
}

[0.212][INFO]:      Using named testing interface
[2.023][INFO]:      Connected to Chrome successfully. Version: 23.0.1271.26
[2.088][FINE]:      Command received (/session/ef75cf367742789ed4a3762077bb4a07)
[2.088][FINE]:      Command finished (/session/ef75cf367742789ed4a3762077bb4a07) with response {
   "sessionId": "ef75cf367742789ed4a3762077bb4a07",
   "status": 0,
   "value": {
      "acceptSslCerts": false,
      "applicationCacheEnabled": false,
      "browserConnectionEnabled": false,
      "browserName": "chrome",
      "chrome.chromedriverVersion": "21.0.1180.4",
      "chrome.nativeEvents": true,
      "cssSelectorsEnabled": true,
      "databaseEnabled": false,
      "handlesAlerts": true,
      "javascriptEnabled": true,
      "locationContextEnabled": false,
      "nativeEvents": true,
      "platform": "mac",
      "rotatable": false,
      "takesScreenshot": true,
      "version": "23.0.1271.26",
      "webStorageEnabled": true
   }
}

[2.111][FINE]:      Command received (/session/ef75cf367742789ed4a3762077bb4a07/url) with params {
   "url": "http://127.0.0.1:56750/"
}

[2.111][FINER]:     Waiting for all views to stop loading...
[2.111][FINER]:     Done waiting for all views to stop loading
[3.204][FINER]:     Waiting for all views to stop loading...
[3.209][FINER]:     Done waiting for all views to stop loading
[3.209][FINE]:      Command finished (/session/ef75cf367742789ed4a3762077bb4a07/url) with response {
   "sessionId": "ef75cf367742789ed4a3762077bb4a07",
   "status": 0,
   "value": {

   }
}

[3.231][FINE]:      Command received (/session/ef75cf367742789ed4a3762077bb4a07/elements) with params {
   "using": "xpath",
   "value": "./descendant-or-self::*[contains(normalize-space(.), 'Hello, girls.')]"
}

[3.231][FINER]:     Waiting for all views to stop loading...
[3.237][FINER]:     Done waiting for all views to stop loading
[3.257][FINER]:     Waiting for all views to stop loading...
[3.258][FINER]:     Done waiting for all views to stop loading
[3.258][FINE]:      Command finished (/session/ef75cf367742789ed4a3762077bb4a07/elements) with response {
   "sessionId": "ef75cf367742789ed4a3762077bb4a07",
   "status": 0,
   "value": [ {
      "ELEMENT": ":wdc:1350088968057"
   }, {
      "ELEMENT": ":wdc:1350088968058"
   }, {
      "ELEMENT": ":wdc:1350088968059"
   } ]
}

[3.266][FINE]:      Command received (/session/ef75cf367742789ed4a3762077bb4a07/cookie)
[3.266][FINER]:     Waiting for all views to stop loading...
[3.266][FINER]:     Done waiting for all views to stop loading
[3.271][FINER]:     Waiting for all views to stop loading...
[3.271][FINER]:     Done waiting for all views to stop loading
[3.271][FINE]:      Command finished (/session/ef75cf367742789ed4a3762077bb4a07/cookie) with response {
   "sessionId": "ef75cf367742789ed4a3762077bb4a07",
   "status": 0,
   "value": {

   }
}

[3.302][FINE]:      Command received (/session/ef75cf367742789ed4a3762077bb4a07/url) with params {
   "url": "about:blank"
}

[3.302][FINER]:     Waiting for all views to stop loading...
[3.302][FINER]:     Done waiting for all views to stop loading
[3.647][FINER]:     Waiting for all views to stop loading...
[3.677][FINER]:     Done waiting for all views to stop loading
[3.677][FINE]:      Command finished (/session/ef75cf367742789ed4a3762077bb4a07/url) with response {
   "sessionId": "ef75cf367742789ed4a3762077bb4a07",
   "status": 0,
   "value": {

   }
}

[3.679][FINE]:      Command received (/session/ef75cf367742789ed4a3762077bb4a07)
